{
  "timestamp": "2025-04-03T22:54:08.884Z",
  "status": 200,
  "requestParams": {
    "limit": 1000,
    "offset": 0,
    "daysBack": 30
  },
  "response": {
    "v2_stats_packets_daily_count": [
      {
        "day_date": "2025-03-04",
        "count": "252447"
      },
      {
        "day_date": "2025-03-05",
        "count": "612810"
      },
      {
        "day_date": "2025-03-06",
        "count": "852700"
      },
      {
        "day_date": "2025-03-07",
        "count": "625626"
      },
      {
        "day_date": "2025-03-08",
        "count": "1316457"
      },
      {
        "day_date": "2025-03-09",
        "count": "1080876"
      },
      {
        "day_date": "2025-03-10",
        "count": "1272862"
      },
      {
        "day_date": "2025-03-11",
        "count": "1443392"
      },
      {
        "day_date": "2025-03-12",
        "count": "1452339"
      },
      {
        "day_date": "2025-03-13",
        "count": "1573886"
      },
      {
        "day_date": "2025-03-14",
        "count": "2122230"
      },
      {
        "day_date": "2025-03-15",
        "count": "2350125"
      },
      {
        "day_date": "2025-03-16",
        "count": "2262606"
      },
      {
        "day_date": "2025-03-17",
        "count": "2274649"
      },
      {
        "day_date": "2025-03-18",
        "count": "2327409"
      },
      {
        "day_date": "2025-03-19",
        "count": "3549318"
      },
      {
        "day_date": "2025-03-20",
        "count": "4480990"
      },
      {
        "day_date": "2025-03-21",
        "count": "4197019"
      },
      {
        "day_date": "2025-03-22",
        "count": "1956081"
      },
      {
        "day_date": "2025-03-23",
        "count": "1521474"
      },
      {
        "day_date": "2025-03-24",
        "count": "2084386"
      },
      {
        "day_date": "2025-03-25",
        "count": "1495587"
      },
      {
        "day_date": "2025-03-26",
        "count": "1549804"
      },
      {
        "day_date": "2025-03-27",
        "count": "1233014"
      },
      {
        "day_date": "2025-03-28",
        "count": "778503"
      },
      {
        "day_date": "2025-03-29",
        "count": "803997"
      },
      {
        "day_date": "2025-03-30",
        "count": "405749"
      },
      {
        "day_date": "2025-03-31",
        "count": "451787"
      },
      {
        "day_date": "2025-04-01",
        "count": "614772"
      },
      {
        "day_date": "2025-04-02",
        "count": "547086"
      },
      {
        "day_date": "2025-04-03",
        "count": "411211"
      }
    ]
  },
  "error": null
}
{
  "timestamp": "2025-04-03T22:54:09.011Z",
  "status": 200,
  "requestParams": {
    "limit": 1000,
    "offset": 1000,
    "daysBack": 30
  },
  "response": {
    "v2_stats_packets_daily_count": []
  },
  "error": null
}
