{
  "timestamp": "2025-04-03T21:24:56.393Z",
  "status": 200,
  "requestParams": {
    "limit": 1000,
    "offset": 0,
    "where": {}
  },
  "response": {
    "v1_ibc_union_clients": [
      {
        "client_id": 42
      },
      {
        "client_id": 41
      },
      {
        "client_id": 40
      },
      {
        "client_id": 39
      },
      {
        "client_id": 38
      },
      {
        "client_id": 37
      },
      {
        "client_id": 36
      },
      {
        "client_id": 35
      },
      {
        "client_id": 35
      },
      {
        "client_id": 34
      },
      {
        "client_id": 34
      },
      {
        "client_id": 33
      },
      {
        "client_id": 33
      },
      {
        "client_id": 32
      },
      {
        "client_id": 32
      },
      {
        "client_id": 31
      },
      {
        "client_id": 31
      },
      {
        "client_id": 30
      },
      {
        "client_id": 30
      },
      {
        "client_id": 29
      },
      {
        "client_id": 29
      },
      {
        "client_id": 28
      },
      {
        "client_id": 28
      },
      {
        "client_id": 27
      },
      {
        "client_id": 27
      },
      {
        "client_id": 26
      },
      {
        "client_id": 26
      },
      {
        "client_id": 25
      },
      {
        "client_id": 25
      },
      {
        "client_id": 24
      },
      {
        "client_id": 24
      },
      {
        "client_id": 24
      },
      {
        "client_id": 23
      },
      {
        "client_id": 23
      },
      {
        "client_id": 23
      },
      {
        "client_id": 22
      },
      {
        "client_id": 22
      },
      {
        "client_id": 22
      },
      {
        "client_id": 21
      },
      {
        "client_id": 20
      },
      {
        "client_id": 20
      },
      {
        "client_id": 19
      },
      {
        "client_id": 19
      },
      {
        "client_id": 18
      },
      {
        "client_id": 18
      },
      {
        "client_id": 18
      },
      {
        "client_id": 17
      },
      {
        "client_id": 17
      },
      {
        "client_id": 17
      },
      {
        "client_id": 16
      },
      {
        "client_id": 16
      },
      {
        "client_id": 16
      },
      {
        "client_id": 15
      },
      {
        "client_id": 15
      },
      {
        "client_id": 15
      },
      {
        "client_id": 14
      },
      {
        "client_id": 14
      },
      {
        "client_id": 14
      },
      {
        "client_id": 13
      },
      {
        "client_id": 12
      },
      {
        "client_id": 11
      },
      {
        "client_id": 10
      },
      {
        "client_id": 10
      },
      {
        "client_id": 9
      },
      {
        "client_id": 9
      },
      {
        "client_id": 9
      },
      {
        "client_id": 9
      },
      {
        "client_id": 8
      },
      {
        "client_id": 8
      },
      {
        "client_id": 8
      },
      {
        "client_id": 8
      },
      {
        "client_id": 7
      },
      {
        "client_id": 7
      },
      {
        "client_id": 7
      },
      {
        "client_id": 7
      },
      {
        "client_id": 7
      },
      {
        "client_id": 7
      },
      {
        "client_id": 6
      },
      {
        "client_id": 6
      },
      {
        "client_id": 6
      },
      {
        "client_id": 6
      },
      {
        "client_id": 6
      },
      {
        "client_id": 6
      },
      {
        "client_id": 5
      },
      {
        "client_id": 5
      },
      {
        "client_id": 5
      },
      {
        "client_id": 5
      },
      {
        "client_id": 4
      },
      {
        "client_id": 4
      },
      {
        "client_id": 4
      },
      {
        "client_id": 4
      },
      {
        "client_id": 4
      },
      {
        "client_id": 4
      },
      {
        "client_id": 3
      },
      {
        "client_id": 3
      },
      {
        "client_id": 3
      },
      {
        "client_id": 3
      },
      {
        "client_id": 3
      },
      {
        "client_id": 3
      },
      {
        "client_id": 2
      },
      {
        "client_id": 2
      },
      {
        "client_id": 2
      },
      {
        "client_id": 2
      },
      {
        "client_id": 2
      },
      {
        "client_id": 2
      },
      {
        "client_id": 2
      },
      {
        "client_id": 1
      },
      {
        "client_id": 1
      },
      {
        "client_id": 1
      },
      {
        "client_id": 1
      },
      {
        "client_id": 1
      },
      {
        "client_id": 1
      },
      {
        "client_id": 1
      }
    ]
  },
  "error": null
}
{
  "timestamp": "2025-04-03T21:24:56.503Z",
  "status": 200,
  "requestParams": {
    "limit": 1000,
    "offset": 1000,
    "where": {}
  },
  "response": {
    "v1_ibc_union_clients": []
  },
  "error": null
}
